<?xml version="1.0" encoding="UTF-8"?>
<testng-results ignored="0" total="1" passed="1" failed="0" skipped="0">
  <reporter-output>
  </reporter-output>
  <suite started-at="2022-08-01T19:16:49 CDT" name="Surefire suite" finished-at="2022-08-01T19:17:09 CDT" duration-ms="19961">
    <groups>
    </groups>
    <test started-at="2022-08-01T19:16:49 CDT" name="Surefire test" finished-at="2022-08-01T19:17:09 CDT" duration-ms="19961">
      <class name="Test.Test1">
        <test-method signature="PracticeForm()[pri:0, instance:Test.Test1@2ed0fbae]" started-at="2022-08-01T19:16:49 CDT" name="PracticeForm" finished-at="2022-08-01T19:17:09 CDT" duration-ms="19926" status="PASS">
          <reporter-output>
          </reporter-output>
        </test-method> <!-- PracticeForm -->
      </class> <!-- Test.Test1 -->
    </test> <!-- Surefire test -->
  </suite> <!-- Surefire suite -->
</testng-results>
